<?xml version="1.0" encoding="UTF-8" ?>
<testsuite errors="0" failures="0" hostname="LAPTOP-9S0KTE93" name="TestCarte.TestCase" skipped="0" tests="8" time="0.081" timestamp="2019-12-06T21:53:51">
  <properties>
[...]
</properties>
  <testcase classname="TestCarte.TestCase" name="TestGetCaseHautGauche" time="0.006" />
  <testcase classname="TestCarte.TestCase" name="TestGetCaseBasGauche" time="0.0" />
  <testcase classname="TestCarte.TestCase" name="TestGetCaseBasDroit" time="0.0" />
  <testcase classname="TestCarte.TestCase" name="TestGetCaseGauche" time="0.001" />
  <testcase classname="TestCarte.TestCase" name="TestGetCaseBas" time="0.001" />
  <testcase classname="TestCarte.TestCase" name="TestGetCaseHautDroit" time="0.001" />
  <testcase classname="TestCarte.TestCase" name="TestGetCaseHaut" time="0.0" />
  <testcase classname="TestCarte.TestCase" name="TestGetCaseDroit" time="0.001" />
  <system-out><![CDATA[]]></system-out>
  <system-err><![CDATA[]]></system-err>
</testsuite>
